0 info it worked if it ends with ok
1 verbose cli [ '/usr/local/Cellar/node/5.5.0/bin/node',
1 verbose cli   '/usr/local/bin/npm',
1 verbose cli   'i',
1 verbose cli   '@types/http' ]
2 info using npm@3.5.3
3 info using node@v5.5.0
4 silly loadCurrentTree Starting
5 silly install loadCurrentTree
6 silly install readLocalPackageData
7 silly fetchPackageMetaData @types/http
8 silly fetchNamedPackageData @types/http
9 silly mapToRegistry name @types/http
10 silly mapToRegistry scope (from package name) @types
11 verbose mapToRegistry no registry URL found in name for scope @types
12 silly mapToRegistry using default registry
13 silly mapToRegistry registry https://registry.npmjs.org/
14 silly mapToRegistry uri https://registry.npmjs.org/@types%2fhttp
15 verbose request uri https://registry.npmjs.org/@types%2fhttp
16 verbose request no auth needed
17 info attempt registry request try #1 at 10:09:35 PM
18 verbose request id e2176149fb935dd2
19 http request GET https://registry.npmjs.org/@types%2fhttp
20 http 404 https://registry.npmjs.org/@types%2fhttp
21 verbose headers { 'content-type': 'application/json',
21 verbose headers   'cache-control': 'max-age=0',
21 verbose headers   'content-length': '21',
21 verbose headers   'accept-ranges': 'bytes',
21 verbose headers   date: 'Wed, 08 Jun 2016 20:09:36 GMT',
21 verbose headers   via: '1.1 varnish',
21 verbose headers   age: '0',
21 verbose headers   connection: 'keep-alive',
21 verbose headers   'x-served-by': 'cache-fra1222-FRA',
21 verbose headers   'x-cache': 'MISS',
21 verbose headers   'x-cache-hits': '0',
21 verbose headers   'x-timer': 'S1465416576.432201,VS0,VE348' }
22 silly get cb [ 404,
22 silly get   { 'content-type': 'application/json',
22 silly get     'cache-control': 'max-age=0',
22 silly get     'content-length': '21',
22 silly get     'accept-ranges': 'bytes',
22 silly get     date: 'Wed, 08 Jun 2016 20:09:36 GMT',
22 silly get     via: '1.1 varnish',
22 silly get     age: '0',
22 silly get     connection: 'keep-alive',
22 silly get     'x-served-by': 'cache-fra1222-FRA',
22 silly get     'x-cache': 'MISS',
22 silly get     'x-cache-hits': '0',
22 silly get     'x-timer': 'S1465416576.432201,VS0,VE348' } ]
23 silly fetchPackageMetaData Error: Not found : @types/http
23 silly fetchPackageMetaData     at makeError (/usr/local/lib/node_modules/npm/node_modules/npm-registry-client/lib/request.js:264:12)
23 silly fetchPackageMetaData     at CachingRegistryClient.<anonymous> (/usr/local/lib/node_modules/npm/node_modules/npm-registry-client/lib/request.js:252:14)
23 silly fetchPackageMetaData     at Request._callback (/usr/local/lib/node_modules/npm/node_modules/npm-registry-client/lib/request.js:172:14)
23 silly fetchPackageMetaData     at Request.self.callback (/usr/local/lib/node_modules/npm/node_modules/request/request.js:198:22)
23 silly fetchPackageMetaData     at emitTwo (events.js:100:13)
23 silly fetchPackageMetaData     at Request.emit (events.js:185:7)
23 silly fetchPackageMetaData     at Request.<anonymous> (/usr/local/lib/node_modules/npm/node_modules/request/request.js:1035:10)
23 silly fetchPackageMetaData     at emitOne (events.js:95:20)
23 silly fetchPackageMetaData     at Request.emit (events.js:182:7)
23 silly fetchPackageMetaData     at IncomingMessage.<anonymous> (/usr/local/lib/node_modules/npm/node_modules/request/request.js:962:12)
23 silly fetchPackageMetaData  error for @types/http { [Error: Not found : @types/http] pkgid: '@types/http', statusCode: 404, code: 'E404' }
24 silly rollbackFailedOptional Starting
25 silly rollbackFailedOptional Finishing
26 silly runTopLevelLifecycles Starting
27 silly runTopLevelLifecycles Finishing
28 silly install printInstalled
29 verbose stack Error: Not found : @types/http
29 verbose stack     at makeError (/usr/local/lib/node_modules/npm/node_modules/npm-registry-client/lib/request.js:264:12)
29 verbose stack     at CachingRegistryClient.<anonymous> (/usr/local/lib/node_modules/npm/node_modules/npm-registry-client/lib/request.js:252:14)
29 verbose stack     at Request._callback (/usr/local/lib/node_modules/npm/node_modules/npm-registry-client/lib/request.js:172:14)
29 verbose stack     at Request.self.callback (/usr/local/lib/node_modules/npm/node_modules/request/request.js:198:22)
29 verbose stack     at emitTwo (events.js:100:13)
29 verbose stack     at Request.emit (events.js:185:7)
29 verbose stack     at Request.<anonymous> (/usr/local/lib/node_modules/npm/node_modules/request/request.js:1035:10)
29 verbose stack     at emitOne (events.js:95:20)
29 verbose stack     at Request.emit (events.js:182:7)
29 verbose stack     at IncomingMessage.<anonymous> (/usr/local/lib/node_modules/npm/node_modules/request/request.js:962:12)
30 verbose statusCode 404
31 verbose pkgid @types/http
32 verbose cwd /Users/mark/tmp/tstst
33 error Darwin 15.5.0
34 error argv "/usr/local/Cellar/node/5.5.0/bin/node" "/usr/local/bin/npm" "i" "@types/http"
35 error node v5.5.0
36 error npm  v3.5.3
37 error code E404
38 error 404 Not found : @types/http
39 error 404
40 error 404 '@types/http' is not in the npm registry.
41 error 404 You should bug the author to publish it (or use the name yourself!)
42 error 404 Note that you can also install from a
43 error 404 tarball, folder, http url, or git url.
44 verbose exit [ 1, true ]
